[debug] [2025-09-26T20:40:31.873Z] ----------------------------------------------------------------------
[debug] [2025-09-26T20:40:31.874Z] Command:       C:\Program Files\nodejs\node.exe C:\Users\gmerino\AppData\Roaming\npm\node_modules\firebase-tools\lib\bin\firebase.js deploy --only functions
[debug] [2025-09-26T20:40:31.875Z] CLI Version:   14.17.0
[debug] [2025-09-26T20:40:31.875Z] Platform:      win32
[debug] [2025-09-26T20:40:31.875Z] Node Version:  v20.18.1
[debug] [2025-09-26T20:40:31.875Z] Time:          Fri Sep 26 2025 14:40:31 GMT-0600 (hora estándar central)
[debug] [2025-09-26T20:40:31.875Z] ----------------------------------------------------------------------
[debug] 
[debug] [2025-09-26T20:40:32.007Z] > command requires scopes: ["email","openid","https://www.googleapis.com/auth/cloudplatformprojects.readonly","https://www.googleapis.com/auth/firebase","https://www.googleapis.com/auth/cloud-platform"]
[debug] [2025-09-26T20:40:32.007Z] > authorizing via signed-in user (gab.merino@gmail.com)
[debug] [2025-09-26T20:40:32.007Z] [iam] checking project challengetask-bdfd6 for permissions ["cloudfunctions.functions.create","cloudfunctions.functions.delete","cloudfunctions.functions.get","cloudfunctions.functions.list","cloudfunctions.functions.update","cloudfunctions.operations.get","firebase.projects.get"]
[debug] [2025-09-26T20:40:32.008Z] Checked if tokens are valid: true, expires at: 1758921253522
[debug] [2025-09-26T20:40:32.008Z] Checked if tokens are valid: true, expires at: 1758921253522
[debug] [2025-09-26T20:40:32.009Z] >>> [apiv2][query] POST https://cloudresourcemanager.googleapis.com/v1/projects/challengetask-bdfd6:testIamPermissions [none]
[debug] [2025-09-26T20:40:32.009Z] >>> [apiv2][(partial)header] POST https://cloudresourcemanager.googleapis.com/v1/projects/challengetask-bdfd6:testIamPermissions x-goog-quota-user=projects/challengetask-bdfd6
[debug] [2025-09-26T20:40:32.009Z] >>> [apiv2][body] POST https://cloudresourcemanager.googleapis.com/v1/projects/challengetask-bdfd6:testIamPermissions {"permissions":["cloudfunctions.functions.create","cloudfunctions.functions.delete","cloudfunctions.functions.get","cloudfunctions.functions.list","cloudfunctions.functions.update","cloudfunctions.operations.get","firebase.projects.get"]}
[debug] [2025-09-26T20:40:32.453Z] <<< [apiv2][status] POST https://cloudresourcemanager.googleapis.com/v1/projects/challengetask-bdfd6:testIamPermissions 200
[debug] [2025-09-26T20:40:32.453Z] <<< [apiv2][body] POST https://cloudresourcemanager.googleapis.com/v1/projects/challengetask-bdfd6:testIamPermissions {"permissions":["cloudfunctions.functions.create","cloudfunctions.functions.delete","cloudfunctions.functions.get","cloudfunctions.functions.list","cloudfunctions.functions.update","cloudfunctions.operations.get","firebase.projects.get"]}
[debug] [2025-09-26T20:40:32.453Z] Checked if tokens are valid: true, expires at: 1758921253522
[debug] [2025-09-26T20:40:32.453Z] Checked if tokens are valid: true, expires at: 1758921253522
[debug] [2025-09-26T20:40:32.453Z] >>> [apiv2][query] POST https://iam.googleapis.com/v1/projects/challengetask-bdfd6/serviceAccounts/challengetask-bdfd6@appspot.gserviceaccount.com:testIamPermissions [none]
[debug] [2025-09-26T20:40:32.453Z] >>> [apiv2][body] POST https://iam.googleapis.com/v1/projects/challengetask-bdfd6/serviceAccounts/challengetask-bdfd6@appspot.gserviceaccount.com:testIamPermissions {"permissions":["iam.serviceAccounts.actAs"]}
[debug] [2025-09-26T20:40:32.855Z] <<< [apiv2][status] POST https://iam.googleapis.com/v1/projects/challengetask-bdfd6/serviceAccounts/challengetask-bdfd6@appspot.gserviceaccount.com:testIamPermissions 200
[debug] [2025-09-26T20:40:32.855Z] <<< [apiv2][body] POST https://iam.googleapis.com/v1/projects/challengetask-bdfd6/serviceAccounts/challengetask-bdfd6@appspot.gserviceaccount.com:testIamPermissions {"permissions":["iam.serviceAccounts.actAs"]}
[info] 
[info] === Deploying to 'challengetask-bdfd6'...
[info] 
[info] i  deploying functions 
[info] Running command: npm --prefix "$RESOURCE_DIR" run build
[info] +  functions: Finished running predeploy script. 
[debug] [2025-09-26T20:40:34.365Z] Checked if tokens are valid: true, expires at: 1758921253522
[debug] [2025-09-26T20:40:34.365Z] Checked if tokens are valid: true, expires at: 1758921253522
[debug] [2025-09-26T20:40:34.365Z] >>> [apiv2][query] GET https://cloudresourcemanager.googleapis.com/v1/projects/challengetask-bdfd6 [none]
[debug] [2025-09-26T20:40:34.594Z] <<< [apiv2][status] GET https://cloudresourcemanager.googleapis.com/v1/projects/challengetask-bdfd6 200
[debug] [2025-09-26T20:40:34.594Z] <<< [apiv2][body] GET https://cloudresourcemanager.googleapis.com/v1/projects/challengetask-bdfd6 {"projectNumber":"729677711788","projectId":"challengetask-bdfd6","lifecycleState":"ACTIVE","name":"challengetask","labels":{"firebase":"enabled","firebase-core":"disabled"},"createTime":"2025-09-24T13:58:31.428766Z"}
[info] i  functions: preparing codebase default for deployment 
[info] i  functions: ensuring required API cloudfunctions.googleapis.com is enabled... 
[info] i  functions: ensuring required API cloudbuild.googleapis.com is enabled... 
[info] i  artifactregistry: ensuring required API artifactregistry.googleapis.com is enabled... 
[debug] [2025-09-26T20:40:34.596Z] Checked if tokens are valid: true, expires at: 1758921253522
[debug] [2025-09-26T20:40:34.596Z] Checked if tokens are valid: true, expires at: 1758921253522
[debug] [2025-09-26T20:40:34.596Z] >>> [apiv2][query] GET https://firebase.googleapis.com/v1beta1/projects/challengetask-bdfd6/adminSdkConfig [none]
[debug] [2025-09-26T20:40:35.095Z] <<< [apiv2][status] GET https://firebase.googleapis.com/v1beta1/projects/challengetask-bdfd6/adminSdkConfig 200
[debug] [2025-09-26T20:40:35.096Z] <<< [apiv2][body] GET https://firebase.googleapis.com/v1beta1/projects/challengetask-bdfd6/adminSdkConfig {"projectId":"challengetask-bdfd6","storageBucket":"challengetask-bdfd6.firebasestorage.app"}
[debug] [2025-09-26T20:40:35.096Z] Checked if tokens are valid: true, expires at: 1758921253522
[debug] [2025-09-26T20:40:35.096Z] Checked if tokens are valid: true, expires at: 1758921253522
[debug] [2025-09-26T20:40:35.096Z] >>> [apiv2][query] GET https://runtimeconfig.googleapis.com/v1beta1/projects/challengetask-bdfd6/configs [none]
[debug] [2025-09-26T20:40:35.413Z] <<< [apiv2][status] GET https://runtimeconfig.googleapis.com/v1beta1/projects/challengetask-bdfd6/configs 200
[debug] [2025-09-26T20:40:35.414Z] <<< [apiv2][body] GET https://runtimeconfig.googleapis.com/v1beta1/projects/challengetask-bdfd6/configs {}
[debug] [2025-09-26T20:40:35.414Z] Validating nodejs source
[debug] [2025-09-26T20:40:36.577Z] > [functions] package.json contents: {
  "name": "functions",
  "scripts": {
    "build": "tsc",
    "serve": "npm run build && firebase emulators:start --only functions",
    "deploy": "firebase deploy --only functions"
  },
  "engines": {
    "node": "20"
  },
  "main": "lib/index.js",
  "dependencies": {
    "@types/jsonwebtoken": "^9.0.10",
    "compression": "^1.7.4",
    "cors": "^2.8.5",
    "dotenv": "^17.2.2",
    "dotenv-safe": "^9.1.0",
    "express": "^4.18.2",
    "firebase-admin": "^13.5.0",
    "firebase-functions": "^6.4.0",
    "jsonwebtoken": "^9.0.2",
    "nocache": "^4.0.0"
  },
  "devDependencies": {
    "@typescript-eslint/eslint-plugin": "^5.12.0",
    "@typescript-eslint/parser": "^5.12.0",
    "eslint": "^8.9.0",
    "eslint-config-google": "^0.14.0",
    "eslint-plugin-import": "^2.25.4",
    "firebase-functions-test": "^3.1.0",
    "@types/compression": "^1.8.1",
    "@types/cors": "^2.8.17",
    "@types/dotenv-safe": "^9.1.0",
    "@types/express": "^4.17.21",
    "@types/node": "^24.5.2",
    "nodemon": "^3.1.10",
    "ts-node": "^10.9.2",
    "typescript": "^5.9.2"
  },
  "private": true
}
[debug] [2025-09-26T20:40:36.577Z] Building nodejs source
[info] i  functions: Loading and analyzing source code for codebase default to determine what to deploy 
[debug] [2025-09-26T20:40:36.578Z] Could not find functions.yaml. Must use http discovery
[debug] [2025-09-26T20:40:36.582Z] Found firebase-functions binary at 'C:\Users\gmerino\Downloads\Challenge\Backend\functions\node_modules\.bin\firebase-functions'
[info] Serving at port 8899

[error] node:events:496
      throw er; // Unhandled 'error' event
      ^

Error: listen EADDRINUSE: address already in use :::3000
    at Server.setupListenHandle [as _listen2] (node:net:1908:16)
    at listenInCluster (node:net:1965:12)
    at Server.listen (node:net:2067:7)
    at Function.listen (C:\Users\gmerino\Downloads\Challenge\Backend\functions\node_modules\express\lib\application.js:635:24)
    at Object.<anonymous> (C:\Users\gmerino\Downloads\Challenge\Backend\functions\lib\index.js:107:5)
    at Module._compile (node:internal/modules/cjs/loader:1469:14)
    at Module._extensions..js (node:internal/modules/cjs/loader:1548:10)
    at Module.load (node:internal/modules/cjs/loader:1288:32)
    at Module._load (node:internal/modules/cjs/loader:1104:12)
    at Module.require (node:internal/modules/cjs/loader:1311:19)
Emitted 'error' event on Server instance at:
    at emitErrorNT (node:net:1944:8)
    at process.processTicksAndRejections (node:internal/process/task_queues:82:21) {
  code: 'EADDRINUSE',
  errno: -4091,
  syscall: 'listen',
  address: '::',
  port: 3000
}

Node.js v20.18.1

